<?xml version="1.0" encoding="UTF-8"?>
<!-- Generated by org.testng.reporters.JUnitXMLReporter -->
<testsuite hostname="Sharad-PC" ignored="0" name="Test" tests="2" failures="1" timestamp="16 Apr 2018 02:06:31 GMT" time="24.341" errors="0">
  <testcase name="VerifyalLLinksAndImages" time="0.056" classname="com.qa.fractal_tests.LoginHome"/>
  <testcase name="VerifyMetricSearch" time="5.012" classname="com.qa.fractal_tests.InsightsPage">
    <failure type="org.openqa.selenium.support.ui.UnexpectedTagNameException" message="Element should have been &amp;quot;select&amp;quot; but was &amp;quot;span&amp;quot;
Build info: version: &amp;apos;3.11.0&amp;apos;, revision: &amp;apos;e59cfb3&amp;apos;, time: &amp;apos;2018-03-11T20:33:08.638Z&amp;apos;
System info: host: &amp;apos;SHARAD-PC&amp;apos;, ip: &amp;apos;192.168.1.104&amp;apos;, os.name: &amp;apos;Windows 7&amp;apos;, os.arch: &amp;apos;x86&amp;apos;, os.version: &amp;apos;6.1&amp;apos;, java.version: &amp;apos;1.8.0_73&amp;apos;
Driver info: driver.version: unknown">
      <![CDATA[org.openqa.selenium.support.ui.UnexpectedTagNameException: Element should have been "select" but was "span"
Build info: version: '3.11.0', revision: 'e59cfb3', time: '2018-03-11T20:33:08.638Z'
System info: host: 'SHARAD-PC', ip: '192.168.1.104', os.name: 'Windows 7', os.arch: 'x86', os.version: '6.1', java.version: '1.8.0_73'
Driver info: driver.version: unknown
at org.openqa.selenium.support.ui.Select.<init>(Select.java:47)
at com.qa.fractal_tests.InsightsPage.VerifyMetricSearch(InsightsPage.java:63)
... Removed 25 stack frames]]>
    </failure>
  </testcase> <!-- VerifyMetricSearch -->
</testsuite> <!-- Test -->
